d:\teaching\niagara\btgd9201\2014\termassignment\termassignment2\startingpoint\termassignment\debug\vc120.pdb
d:\teaching\niagara\btgd9201\2014\termassignment\termassignment2\startingpoint\termassignment\debug\vc120.idb
d:\teaching\niagara\btgd9201\2014\termassignment\termassignment2\startingpoint\termassignment\debug\directx.obj
d:\teaching\niagara\btgd9201\2014\termassignment\termassignment2\startingpoint\termassignment\debug\font.obj
d:\teaching\niagara\btgd9201\2014\termassignment\termassignment2\startingpoint\termassignment\debug\indexedprimitive.obj
d:\teaching\niagara\btgd9201\2014\termassignment\termassignment2\startingpoint\termassignment\debug\models.obj
d:\teaching\niagara\btgd9201\2014\termassignment\termassignment2\startingpoint\termassignment\debug\myproject.obj
d:\teaching\niagara\btgd9201\2014\termassignment\termassignment2\startingpoint\termassignment\debug\pawn.obj
d:\teaching\niagara\btgd9201\2014\termassignment\termassignment2\startingpoint\termassignment\debug\sampleobject.obj
d:\teaching\niagara\btgd9201\2014\termassignment\termassignment2\startingpoint\termassignment\debug\sprite.obj
d:\teaching\niagara\btgd9201\2014\termassignment\termassignment2\startingpoint\termassignment\debug\texturetype.obj
d:\teaching\niagara\btgd9201\2014\termassignment\termassignment2\startingpoint\termassignment\debug\timer.obj
d:\teaching\niagara\btgd9201\2014\termassignment\termassignment2\startingpoint\termassignment\debug\litcolourshader.obj
d:\teaching\niagara\btgd9201\2014\termassignment\termassignment2\startingpoint\debug\litcolourps.cso
d:\teaching\niagara\btgd9201\2014\termassignment\termassignment2\startingpoint\debug\litcolourvs.cso
d:\teaching\niagara\btgd9201\2014\termassignment\termassignment2\startingpoint\debug\termassignment.ilk
d:\teaching\niagara\btgd9201\2014\termassignment\termassignment2\startingpoint\debug\termassignment.exe
d:\teaching\niagara\btgd9201\2014\termassignment\termassignment2\startingpoint\debug\termassignment.pdb
d:\teaching\niagara\btgd9201\2014\termassignment\termassignment2\startingpoint\termassignment\debug\termassignment.tlog\cl.command.1.tlog
d:\teaching\niagara\btgd9201\2014\termassignment\termassignment2\startingpoint\termassignment\debug\termassignment.tlog\cl.read.1.tlog
d:\teaching\niagara\btgd9201\2014\termassignment\termassignment2\startingpoint\termassignment\debug\termassignment.tlog\cl.write.1.tlog
d:\teaching\niagara\btgd9201\2014\termassignment\termassignment2\startingpoint\termassignment\debug\termassignment.tlog\fxc.command.1.tlog
d:\teaching\niagara\btgd9201\2014\termassignment\termassignment2\startingpoint\termassignment\debug\termassignment.tlog\fxc.read.1.tlog
d:\teaching\niagara\btgd9201\2014\termassignment\termassignment2\startingpoint\termassignment\debug\termassignment.tlog\fxc.write.1.tlog
d:\teaching\niagara\btgd9201\2014\termassignment\termassignment2\startingpoint\termassignment\debug\termassignment.tlog\link.command.1.tlog
d:\teaching\niagara\btgd9201\2014\termassignment\termassignment2\startingpoint\termassignment\debug\termassignment.tlog\link.read.1.tlog
d:\teaching\niagara\btgd9201\2014\termassignment\termassignment2\startingpoint\termassignment\debug\termassignment.tlog\link.write.1.tlog
d:\teaching\niagara\btgd9201\2014\termassignment\termassignment2\startingpoint\termassignment\debug\termassignment.tlog\termassignment.write.1u.tlog
